# JRE version: Java(TM) SE Runtime Environment (11.0.1+13) (build 11.0.1+13-LTS)
# Java VM: Java HotSpot(TM) 64-Bit Server VM (11.0.1+13-LTS, mixed mode, tiered, compressed oops, g1 gc, windows-amd64)
Heap:
 garbage-first heap   total 378880K, used 223214K [0x0000000701400000, 0x0000000800000000)
  region size 1024K, 93 young (95232K), 16 survivors (16384K)
 Metaspace       used 70793K, capacity 73630K, committed 73812K, reserved 1114112K
  class space    used 7596K, capacity 8700K, committed 8780K, reserved 1048576K
GC Heap History (10 events):
Event: 2.323 GC heap before
{Heap before GC invocations=6 (full 0):
 garbage-first heap   total 262144K, used 86596K [0x0000000701400000, 0x0000000800000000)
  region size 1024K, 76 young (77824K), 7 survivors (7168K)
 Metaspace       used 35281K, capacity 35846K, committed 35920K, reserved 1081344K
  class space    used 3277K, capacity 3576K, committed 3584K, reserved 1048576K
}
Event: 2.326 GC heap after
{Heap after GC invocations=7 (full 0):
 garbage-first heap   total 262144K, used 10586K [0x0000000701400000, 0x0000000800000000)
  region size 1024K, 5 young (5120K), 5 survivors (5120K)
 Metaspace       used 35281K, capacity 35846K, committed 35920K, reserved 1081344K
  class space    used 3277K, capacity 3576K, committed 3584K, reserved 1048576K
}
Event: 3.674 GC heap before
{Heap before GC invocations=8 (full 0):
 garbage-first heap   total 262144K, used 127322K [0x0000000701400000, 0x0000000800000000)
  region size 1024K, 120 young (122880K), 5 survivors (5120K)
 Metaspace       used 45521K, capacity 46206K, committed 46288K, reserved 1091584K
  class space    used 4647K, capacity 4927K, committed 4992K, reserved 1048576K
}
Event: 3.713 GC heap after
{Heap after GC invocations=9 (full 0):
 garbage-first heap   total 262144K, used 61847K [0x0000000701400000, 0x0000000800000000)
  region size 1024K, 15 young (15360K), 15 survivors (15360K)
 Metaspace       used 45521K, capacity 46206K, committed 46288K, reserved 1091584K
  class space    used 4647K, capacity 4927K, committed 4992K, reserved 1048576K
}
Event: 5.294 GC heap before
{Heap before GC invocations=9 (full 0):
 garbage-first heap   total 262144K, used 142743K [0x0000000701400000, 0x0000000800000000)
  region size 1024K, 90 young (92160K), 15 survivors (15360K)
 Metaspace       used 58534K, capacity 60265K, committed 60296K, reserved 1103872K
  class space    used 6349K, capacity 7016K, committed 7040K, reserved 1048576K
}
Event: 5.315 GC heap after
{Heap after GC invocations=10 (full 0):
 garbage-first heap   total 262144K, used 78722K [0x0000000701400000, 0x0000000800000000)
  region size 1024K, 13 young (13312K), 13 survivors (13312K)
 Metaspace       used 58534K, capacity 60265K, committed 60296K, reserved 1103872K
  class space    used 6349K, capacity 7016K, committed 7040K, reserved 1048576K
}
Event: 5.921 GC heap before
{Heap before GC invocations=11 (full 0):
 garbage-first heap   total 262144K, used 170882K [0x0000000701400000, 0x0000000800000000)
  region size 1024K, 102 young (104448K), 13 survivors (13312K)
 Metaspace       used 60819K, capacity 62674K, committed 62932K, reserved 1105920K
  class space    used 6577K, capacity 7278K, committed 7372K, reserved 1048576K
}
Event: 5.947 GC heap after
{Heap after GC invocations=12 (full 0):
 garbage-first heap   total 378880K, used 106471K [0x0000000701400000, 0x0000000800000000)
  region size 1024K, 13 young (13312K), 13 survivors (13312K)
 Metaspace       used 60819K, capacity 62674K, committed 62932K, reserved 1105920K
  class space    used 6577K, capacity 7278K, committed 7372K, reserved 1048576K
}
Event: 6.973 GC heap before
{Heap before GC invocations=13 (full 0):
 garbage-first heap   total 378880K, used 223207K [0x0000000701400000, 0x0000000800000000)
  region size 1024K, 123 young (125952K), 13 survivors (13312K)
 Metaspace       used 65111K, capacity 67810K, committed 68052K, reserved 1110016K
  class space    used 7216K, capacity 8278K, committed 8396K, reserved 1048576K
}
Event: 6.989 GC heap after
{Heap after GC invocations=14 (full 0):
 garbage-first heap   total 378880K, used 142318K [0x0000000701400000, 0x0000000800000000)
  region size 1024K, 16 young (16384K), 16 survivors (16384K)
 Metaspace       used 65111K, capacity 67810K, committed 68052K, reserved 1110016K
  class space    used 7216K, capacity 8278K, committed 8396K, reserved 1048576K
}

